# JRE version: Java(TM) SE Runtime Environment (19.0.2+7) (build 19.0.2+7-44)
# Java VM: Java HotSpot(TM) 64-Bit Server VM (19.0.2+7-44, mixed mode, sharing, tiered, compressed oops, compressed class ptrs, g1 gc, windows-amd64)
GC Precious Log:
 CardTable entry size: 512
 Card Set container configuration: InlinePtr #cards 4 size 8 Array Of Cards #cards 16 size 48 Howl #buckets 8 coarsen threshold 3686 Howl Bitmap #cards 512 size 80 coarsen threshold 460 Card regions per heap region 1 cards per card region 4096
 CPUs: 4 total, 4 available
 Memory: 12193M
 Large Page Support: Disabled
 NUMA Support: Disabled
 Compressed Oops: Enabled (Zero based)
 Heap Region Size: 2M
 Heap Min Capacity: 8M
 Heap Initial Capacity: 192M
 Heap Max Capacity: 4G
 Pre-touch: Disabled
 Parallel Workers: 4
 Concurrent Workers: 1
 Concurrent Refinement Workers: 4
 Periodic GC: Disabled
Heap:
 garbage-first heap   total 630784K, used 399790K [0x0000000700000000, 0x0000000800000000)
  region size 2048K, 6 young (12288K), 6 survivors (12288K)
 Metaspace       used 132617K, committed 135232K, reserved 1179648K
  class space    used 17603K, committed 18944K, reserved 1048576K
GC Heap History (20 events):
Event: 815.855 GC heap after
{Heap after GC invocations=35 (full 0):
 garbage-first heap   total 630784K, used 367616K [0x0000000700000000, 0x0000000800000000)
  region size 2048K, 15 young (30720K), 15 survivors (30720K)
 Metaspace       used 111805K, committed 114432K, reserved 1179648K
  class space    used 14974K, committed 16320K, reserved 1048576K
}
Event: 821.267 GC heap before
{Heap before GC invocations=35 (full 0):
 garbage-first heap   total 630784K, used 531456K [0x0000000700000000, 0x0000000800000000)
  region size 2048K, 86 young (176128K), 15 survivors (30720K)
 Metaspace       used 122537K, committed 125120K, reserved 1179648K
  class space    used 16483K, committed 17792K, reserved 1048576K
}
Event: 821.298 GC heap after
{Heap after GC invocations=36 (full 0):
 garbage-first heap   total 630784K, used 326656K [0x0000000700000000, 0x0000000800000000)
  region size 2048K, 5 young (10240K), 5 survivors (10240K)
 Metaspace       used 122537K, committed 125120K, reserved 1179648K
  class space    used 16483K, committed 17792K, reserved 1048576K
}
Event: 826.684 GC heap before
{Heap before GC invocations=37 (full 0):
 garbage-first heap   total 630784K, used 508928K [0x0000000700000000, 0x0000000800000000)
  region size 2048K, 95 young (194560K), 5 survivors (10240K)
 Metaspace       used 126133K, committed 128832K, reserved 1179648K
  class space    used 16817K, committed 18176K, reserved 1048576K
}
Event: 826.706 GC heap after
{Heap after GC invocations=38 (full 0):
 garbage-first heap   total 630784K, used 331001K [0x0000000700000000, 0x0000000800000000)
  region size 2048K, 7 young (14336K), 7 survivors (14336K)
 Metaspace       used 126133K, committed 128832K, reserved 1179648K
  class space    used 16817K, committed 18176K, reserved 1048576K
}
Event: 826.891 GC heap before
{Heap before GC invocations=38 (full 0):
 garbage-first heap   total 630784K, used 347385K [0x0000000700000000, 0x0000000800000000)
  region size 2048K, 15 young (30720K), 7 survivors (14336K)
 Metaspace       used 126423K, committed 129024K, reserved 1179648K
  class space    used 16868K, committed 18176K, reserved 1048576K
}
Event: 826.928 GC heap after
{Heap after GC invocations=39 (full 0):
 garbage-first heap   total 630784K, used 305233K [0x0000000700000000, 0x0000000800000000)
  region size 2048K, 2 young (4096K), 2 survivors (4096K)
 Metaspace       used 126423K, committed 129024K, reserved 1179648K
  class space    used 16868K, committed 18176K, reserved 1048576K
}
Event: 830.890 GC heap before
{Heap before GC invocations=39 (full 0):
 garbage-first heap   total 630784K, used 512081K [0x0000000700000000, 0x0000000800000000)
  region size 2048K, 104 young (212992K), 2 survivors (4096K)
 Metaspace       used 129918K, committed 132544K, reserved 1179648K
  class space    used 17312K, committed 18624K, reserved 1048576K
}
Event: 830.901 GC heap after
{Heap after GC invocations=40 (full 0):
 garbage-first heap   total 630784K, used 307358K [0x0000000700000000, 0x0000000800000000)
  region size 2048K, 3 young (6144K), 3 survivors (6144K)
 Metaspace       used 129918K, committed 132544K, reserved 1179648K
  class space    used 17312K, committed 18624K, reserved 1048576K
}
Event: 839.018 GC heap before
{Heap before GC invocations=40 (full 0):
 garbage-first heap   total 630784K, used 493726K [0x0000000700000000, 0x0000000800000000)
  region size 2048K, 76 young (155648K), 3 survivors (6144K)
 Metaspace       used 132285K, committed 134912K, reserved 1179648K
  class space    used 17555K, committed 18880K, reserved 1048576K
}
Event: 839.035 GC heap after
{Heap after GC invocations=41 (full 0):
 garbage-first heap   total 630784K, used 351394K [0x0000000700000000, 0x0000000800000000)
  region size 2048K, 5 young (10240K), 5 survivors (10240K)
 Metaspace       used 132285K, committed 134912K, reserved 1179648K
  class space    used 17555K, committed 18880K, reserved 1048576K
}
Event: 846.763 GC heap before
{Heap before GC invocations=41 (full 0):
 garbage-first heap   total 630784K, used 468130K [0x0000000700000000, 0x0000000800000000)
  region size 2048K, 36 young (73728K), 5 survivors (10240K)
 Metaspace       used 132617K, committed 135232K, reserved 1179648K
  class space    used 17603K, committed 18944K, reserved 1048576K
}
Event: 846.781 GC heap after
{Heap after GC invocations=42 (full 0):
 garbage-first heap   total 630784K, used 399864K [0x0000000700000000, 0x0000000800000000)
  region size 2048K, 6 young (12288K), 6 survivors (12288K)
 Metaspace       used 132617K, committed 135232K, reserved 1179648K
  class space    used 17603K, committed 18944K, reserved 1048576K
}
Event: 846.853 GC heap before
{Heap before GC invocations=42 (full 0):
 garbage-first heap   total 630784K, used 444920K [0x0000000700000000, 0x0000000800000000)
  region size 2048K, 7 young (14336K), 6 survivors (12288K)
 Metaspace       used 132617K, committed 135232K, reserved 1179648K
  class space    used 17603K, committed 18944K, reserved 1048576K
}
Event: 846.869 GC heap after
{Heap after GC invocations=43 (full 0):
 garbage-first heap   total 630784K, used 399732K [0x0000000700000000, 0x0000000800000000)
  region size 2048K, 6 young (12288K), 6 survivors (12288K)
 Metaspace       used 132617K, committed 135232K, reserved 1179648K
  class space    used 17603K, committed 18944K, reserved 1048576K
}
Event: 846.975 GC heap before
{Heap before GC invocations=43 (full 0):
 garbage-first heap   total 630784K, used 440692K [0x0000000700000000, 0x0000000800000000)
  region size 2048K, 7 young (14336K), 6 survivors (12288K)
 Metaspace       used 132617K, committed 135232K, reserved 1179648K
  class space    used 17603K, committed 18944K, reserved 1048576K
}
Event: 846.991 GC heap after
{Heap after GC invocations=44 (full 0):
 garbage-first heap   total 630784K, used 399709K [0x0000000700000000, 0x0000000800000000)
  region size 2048K, 6 young (12288K), 6 survivors (12288K)
 Metaspace       used 132617K, committed 135232K, reserved 1179648K
  class space    used 17603K, committed 18944K, reserved 1048576K
}
Event: 847.051 GC heap before
{Heap before GC invocations=44 (full 0):
 garbage-first heap   total 630784K, used 438621K [0x0000000700000000, 0x0000000800000000)
  region size 2048K, 7 young (14336K), 6 survivors (12288K)
 Metaspace       used 132617K, committed 135232K, reserved 1179648K
  class space    used 17603K, committed 18944K, reserved 1048576K
}
Event: 847.067 GC heap after
{Heap after GC invocations=45 (full 0):
 garbage-first heap   total 630784K, used 399523K [0x0000000700000000, 0x0000000800000000)
  region size 2048K, 6 young (12288K), 6 survivors (12288K)
 Metaspace       used 132617K, committed 135232K, reserved 1179648K
  class space    used 17603K, committed 18944K, reserved 1048576K
}
Event: 847.127 GC heap before
{Heap before GC invocations=45 (full 0):
 garbage-first heap   total 630784K, used 434339K [0x0000000700000000, 0x0000000800000000)
  region size 2048K, 7 young (14336K), 6 survivors (12288K)
 Metaspace       used 132617K, committed 135232K, reserved 1179648K
  class space    used 17603K, committed 18944K, reserved 1048576K
}

