# JRE version: Java(TM) SE Runtime Environment (19.0.2+7) (build 19.0.2+7-44)
# Java VM: Java HotSpot(TM) 64-Bit Server VM (19.0.2+7-44, mixed mode, sharing, tiered, compressed oops, compressed class ptrs, g1 gc, windows-amd64)
GC Precious Log:
 CardTable entry size: 512
 Card Set container configuration: InlinePtr #cards 4 size 8 Array Of Cards #cards 16 size 48 Howl #buckets 8 coarsen threshold 3686 Howl Bitmap #cards 512 size 80 coarsen threshold 460 Card regions per heap region 1 cards per card region 4096
 CPUs: 4 total, 4 available
 Memory: 12193M
 Large Page Support: Disabled
 NUMA Support: Disabled
 Compressed Oops: Enabled (Zero based)
 Heap Region Size: 2M
 Heap Min Capacity: 8M
 Heap Initial Capacity: 192M
 Heap Max Capacity: 4G
 Pre-touch: Disabled
 Parallel Workers: 4
 Concurrent Workers: 1
 Concurrent Refinement Workers: 4
 Periodic GC: Disabled
Heap:
 garbage-first heap   total 843776K, used 550994K [0x0000000700000000, 0x0000000800000000)
  region size 2048K, 43 young (88064K), 3 survivors (6144K)
 Metaspace       used 131655K, committed 134336K, reserved 1179648K
  class space    used 17552K, committed 18880K, reserved 1048576K
GC Heap History (20 events):
Event: 862.736 GC heap before
{Heap before GC invocations=57 (full 1):
 garbage-first heap   total 331776K, used 268370K [0x0000000700000000, 0x0000000800000000)
  region size 2048K, 43 young (88064K), 0 survivors (0K)
 Metaspace       used 115613K, committed 118272K, reserved 1179648K
  class space    used 15370K, committed 16704K, reserved 1048576K
}
Event: 862.753 GC heap after
{Heap after GC invocations=58 (full 1):
 garbage-first heap   total 331776K, used 188498K [0x0000000700000000, 0x0000000800000000)
  region size 2048K, 4 young (8192K), 4 survivors (8192K)
 Metaspace       used 115613K, committed 118272K, reserved 1179648K
  class space    used 15370K, committed 16704K, reserved 1048576K
}
Event: 864.889 GC heap before
{Heap before GC invocations=58 (full 1):
 garbage-first heap   total 331776K, used 266322K [0x0000000700000000, 0x0000000800000000)
  region size 2048K, 43 young (88064K), 4 survivors (8192K)
 Metaspace       used 115768K, committed 118400K, reserved 1179648K
  class space    used 15372K, committed 16704K, reserved 1048576K
}
Event: 864.925 GC heap after
{Heap after GC invocations=59 (full 1):
 garbage-first heap   total 331776K, used 201929K [0x0000000700000000, 0x0000000800000000)
  region size 2048K, 6 young (12288K), 6 survivors (12288K)
 Metaspace       used 115768K, committed 118400K, reserved 1179648K
  class space    used 15372K, committed 16704K, reserved 1048576K
}
Event: 866.490 GC heap before
{Heap before GC invocations=59 (full 1):
 garbage-first heap   total 331776K, used 265417K [0x0000000700000000, 0x0000000800000000)
  region size 2048K, 37 young (75776K), 6 survivors (12288K)
 Metaspace       used 115927K, committed 118656K, reserved 1179648K
  class space    used 15374K, committed 16768K, reserved 1048576K
}
Event: 866.537 GC heap after
{Heap after GC invocations=60 (full 1):
 garbage-first heap   total 331776K, used 216501K [0x0000000700000000, 0x0000000800000000)
  region size 2048K, 5 young (10240K), 5 survivors (10240K)
 Metaspace       used 115927K, committed 118656K, reserved 1179648K
  class space    used 15374K, committed 16768K, reserved 1048576K
}
Event: 890.202 GC heap before
{Heap before GC invocations=60 (full 1):
 garbage-first heap   total 331776K, used 263605K [0x0000000700000000, 0x0000000800000000)
  region size 2048K, 29 young (59392K), 5 survivors (10240K)
 Metaspace       used 115989K, committed 118720K, reserved 1179648K
  class space    used 15374K, committed 16768K, reserved 1048576K
}
Event: 890.228 GC heap after
{Heap after GC invocations=61 (full 1):
 garbage-first heap   total 589824K, used 223003K [0x0000000700000000, 0x0000000800000000)
  region size 2048K, 3 young (6144K), 3 survivors (6144K)
 Metaspace       used 115989K, committed 118720K, reserved 1179648K
  class space    used 15374K, committed 16768K, reserved 1048576K
}
Event: 898.209 GC heap before
{Heap before GC invocations=61 (full 1):
 garbage-first heap   total 589824K, used 511771K [0x0000000700000000, 0x0000000800000000)
  region size 2048K, 102 young (208896K), 3 survivors (6144K)
 Metaspace       used 117670K, committed 120384K, reserved 1179648K
  class space    used 15549K, committed 16896K, reserved 1048576K
}
Event: 898.246 GC heap after
{Heap after GC invocations=62 (full 1):
 garbage-first heap   total 589824K, used 327259K [0x0000000700000000, 0x0000000800000000)
  region size 2048K, 10 young (20480K), 10 survivors (20480K)
 Metaspace       used 117670K, committed 120384K, reserved 1179648K
  class space    used 15549K, committed 16896K, reserved 1048576K
}
Event: 900.833 GC heap before
{Heap before GC invocations=62 (full 1):
 garbage-first heap   total 589824K, used 476763K [0x0000000700000000, 0x0000000800000000)
  region size 2048K, 78 young (159744K), 10 survivors (20480K)
 Metaspace       used 119690K, committed 122368K, reserved 1179648K
  class space    used 15806K, committed 17152K, reserved 1048576K
}
Event: 900.896 GC heap after
{Heap after GC invocations=63 (full 1):
 garbage-first heap   total 589824K, used 364162K [0x0000000700000000, 0x0000000800000000)
  region size 2048K, 10 young (20480K), 10 survivors (20480K)
 Metaspace       used 119690K, committed 122368K, reserved 1179648K
  class space    used 15806K, committed 17152K, reserved 1048576K
}
Event: 902.616 GC heap before
{Heap before GC invocations=63 (full 1):
 garbage-first heap   total 589824K, used 505474K [0x0000000700000000, 0x0000000800000000)
  region size 2048K, 63 young (129024K), 10 survivors (20480K)
 Metaspace       used 122069K, committed 124800K, reserved 1179648K
  class space    used 16126K, committed 17472K, reserved 1048576K
}
Event: 902.679 GC heap after
{Heap after GC invocations=64 (full 1):
 garbage-first heap   total 589824K, used 411730K [0x0000000700000000, 0x0000000800000000)
  region size 2048K, 8 young (16384K), 8 survivors (16384K)
 Metaspace       used 122069K, committed 124800K, reserved 1179648K
  class space    used 16126K, committed 17472K, reserved 1048576K
}
Event: 903.778 GC heap before
{Heap before GC invocations=64 (full 1):
 garbage-first heap   total 589824K, used 479314K [0x0000000700000000, 0x0000000800000000)
  region size 2048K, 42 young (86016K), 8 survivors (16384K)
 Metaspace       used 127278K, committed 129920K, reserved 1179648K
  class space    used 16982K, committed 18304K, reserved 1048576K
}
Event: 903.846 GC heap after
{Heap after GC invocations=65 (full 1):
 garbage-first heap   total 589824K, used 429138K [0x0000000700000000, 0x0000000800000000)
  region size 2048K, 6 young (12288K), 6 survivors (12288K)
 Metaspace       used 127278K, committed 129920K, reserved 1179648K
  class space    used 16982K, committed 18304K, reserved 1048576K
}
Event: 904.539 GC heap before
{Heap before GC invocations=65 (full 1):
 garbage-first heap   total 589824K, used 484434K [0x0000000700000000, 0x0000000800000000)
  region size 2048K, 34 young (69632K), 6 survivors (12288K)
 Metaspace       used 128570K, committed 131200K, reserved 1179648K
  class space    used 17158K, committed 18496K, reserved 1048576K
}
Event: 904.619 GC heap after
{Heap after GC invocations=66 (full 1):
 garbage-first heap   total 589824K, used 453647K [0x0000000700000000, 0x0000000800000000)
  region size 2048K, 5 young (10240K), 5 survivors (10240K)
 Metaspace       used 128570K, committed 131200K, reserved 1179648K
  class space    used 17158K, committed 18496K, reserved 1048576K
}
Event: 905.089 GC heap before
{Heap before GC invocations=66 (full 1):
 garbage-first heap   total 589824K, used 490511K [0x0000000700000000, 0x0000000800000000)
  region size 2048K, 23 young (47104K), 5 survivors (10240K)
 Metaspace       used 129174K, committed 131840K, reserved 1179648K
  class space    used 17224K, committed 18560K, reserved 1048576K
}
Event: 905.137 GC heap after
{Heap after GC invocations=67 (full 1):
 garbage-first heap   total 843776K, used 471122K [0x0000000700000000, 0x0000000800000000)
  region size 2048K, 3 young (6144K), 3 survivors (6144K)
 Metaspace       used 129174K, committed 131840K, reserved 1179648K
  class space    used 17224K, committed 18560K, reserved 1048576K
}

